<?xml version="1.0" encoding="UTF-8"?>
<!-- Generated by org.testng.reporters.JUnitReportReporter -->
<testsuite hostname="DESKTOP-76M5JGF" failures="0" tests="1" name="pomPackage.TestPom" time="21.215" errors="0" timestamp="2024-05-11T17:01:39 IST" skipped="0">
  <testcase classname="pomPackage.TestPom" name="myTest" time="21.215"/>
</testsuite> <!-- pomPackage.TestPom -->
