<?xml version="1.0" encoding="UTF-8"?>
<!-- Generated by org.testng.reporters.JUnitReportReporter -->
<testsuite hostname="DESKTOP-76M5JGF" failures="0" tests="1" name="testngPackage.Example" time="0.015" errors="0" timestamp="2024-05-03T06:32:43 IST" skipped="0">
  <testcase classname="testngPackage.Example" name="test" time="0.015"/>
</testsuite> <!-- testngPackage.Example -->
